<?xml version="1.0" encoding="UTF-8"?>
<!-- Generated by org.testng.reporters.JUnitReportReporter -->
<testsuite hostname="DESKTOP-88SOJPT" failures="0" tests="1" name="seleniumpractice.CaputureCookiesFromBrowser_32" time="5.356" errors="0" timestamp="06 Nov 2023 06:01:44 GMT" skipped="0">
  <testcase classname="seleniumpractice.CaputureCookiesFromBrowser_32" name="toolTip_MultiWindow_Lcoations" time="5.356"/>
</testsuite> <!-- seleniumpractice.CaputureCookiesFromBrowser_32 -->
