<?xml version="1.0" encoding="UTF-8"?>
<!-- Generated by org.testng.reporters.JUnitReportReporter -->
<testsuite hostname="DESKTOP-88SOJPT" failures="0" tests="1" name="seleniumpractice.MultipleWindows_ToolTip_Location_29" time="9.983" errors="0" timestamp="06 Nov 2023 02:29:40 GMT" skipped="0">
  <testcase classname="seleniumpractice.MultipleWindows_ToolTip_Location_29" name="toolTip_MultiWindow_Lcoations" time="9.983"/>
</testsuite> <!-- seleniumpractice.MultipleWindows_ToolTip_Location_29 -->
