<?xml version="1.0" encoding="UTF-8"?>
<!-- Generated by org.testng.reporters.JUnitReportReporter -->
<testsuite hostname="DESKTOP-88SOJPT" failures="0" tests="1" name="seleniumpractice.OpenLinkInaNewTab_30" time="6.001" errors="0" timestamp="06 Nov 2023 05:48:36 GMT" skipped="0">
  <testcase classname="seleniumpractice.OpenLinkInaNewTab_30" name="toolTip_MultiWindow_Lcoations" time="6.001"/>
</testsuite> <!-- seleniumpractice.OpenLinkInaNewTab_30 -->
