<?xml version="1.0" encoding="UTF-8"?>
<!-- Generated by org.testng.reporters.JUnitReportReporter -->
<testsuite hostname="DESKTOP-88SOJPT" failures="0" tests="1" name="seleniumpractice.DownlodFilesUsingSeleniem_33" time="8.975" errors="0" timestamp="06 Nov 2023 06:19:00 GMT" skipped="0">
  <testcase classname="seleniumpractice.DownlodFilesUsingSeleniem_33" name="toolTip_MultiWindow_Lcoations" time="8.975"/>
</testsuite> <!-- seleniumpractice.DownlodFilesUsingSeleniem_33 -->
