<?xml version="1.0" encoding="UTF-8"?>
<!-- Generated by org.testng.reporters.JUnitReportReporter -->
<testsuite hostname="DESKTOP-88SOJPT" failures="0" tests="1" name="seleniumpractice.UploadFile_RobotClass_34" time="14.841" errors="0" timestamp="06 Nov 2023 06:39:34 GMT" skipped="0">
  <testcase classname="seleniumpractice.UploadFile_RobotClass_34" name="toolTip_MultiWindow_Lcoations" time="14.841"/>
</testsuite> <!-- seleniumpractice.UploadFile_RobotClass_34 -->
